<?xml version="1.0" encoding="UTF-8"?>
<!-- Generated by org.testng.reporters.JUnitReportReporter -->
<testsuite skipped="1" hostname="USVAWXMCS0022" name="com.testrunnner.TestRunner" tests="1" failures="0" timestamp="04 Nov 2021 10:21:53 GMT" time="13.255" errors="0">
  <testcase name="feature" time="13.255" classname="com.testrunnner.TestRunner">
    <skipped/>
  </testcase> <!-- feature -->
</testsuite> <!-- com.testrunnner.TestRunner -->
